<?xml version="1.0" encoding="UTF-8"?>
<testng-results ignored="0" total="1" passed="1" failed="0" skipped="0">
  <reporter-output>
  </reporter-output>
  <suite started-at="2022-01-11T09:31:08 IST" name="Default suite" finished-at="2022-01-11T09:31:18 IST" duration-ms="9908">
    <groups>
    </groups>
    <test started-at="2022-01-11T09:31:08 IST" name="Default test" finished-at="2022-01-11T09:31:18 IST" duration-ms="9908">
      <class name="selenium_basics.Orange_Hrm_login_edge">
        <test-method signature="logininalidUsernamePassword()[pri:0, instance:selenium_basics.Orange_Hrm_login_edge@6a370f4]" started-at="2022-01-11T09:31:08 IST" name="logininalidUsernamePassword" finished-at="2022-01-11T09:31:18 IST" duration-ms="9861" status="PASS">
          <reporter-output>
          </reporter-output>
        </test-method> <!-- logininalidUsernamePassword -->
      </class> <!-- selenium_basics.Orange_Hrm_login_edge -->
    </test> <!-- Default test -->
  </suite> <!-- Default suite -->
</testng-results>
